running egg_info
creating ../../build/rn2/rn2.egg-info
writing ../../build/rn2/rn2.egg-info/PKG-INFO
writing dependency_links to ../../build/rn2/rn2.egg-info/dependency_links.txt
writing requirements to ../../build/rn2/rn2.egg-info/requires.txt
writing top-level names to ../../build/rn2/rn2.egg-info/top_level.txt
writing manifest file '../../build/rn2/rn2.egg-info/SOURCES.txt'
reading manifest file '../../build/rn2/rn2.egg-info/SOURCES.txt'
writing manifest file '../../build/rn2/rn2.egg-info/SOURCES.txt'
running build
running build_py
creating /home/smahapat/ros2_ws/build/rn2/build
creating /home/smahapat/ros2_ws/build/rn2/build/lib
creating /home/smahapat/ros2_ws/build/rn2/build/lib/rn2
copying rn2/__init__.py -> /home/smahapat/ros2_ws/build/rn2/build/lib/rn2
running install
running install_lib
creating /home/smahapat/ros2_ws/install/rn2/lib/python3.10/site-packages/rn2
copying /home/smahapat/ros2_ws/build/rn2/build/lib/rn2/__init__.py -> /home/smahapat/ros2_ws/install/rn2/lib/python3.10/site-packages/rn2
byte-compiling /home/smahapat/ros2_ws/install/rn2/lib/python3.10/site-packages/rn2/__init__.py to __init__.cpython-310.pyc
running install_data
creating /home/smahapat/ros2_ws/install/rn2/share/ament_index
creating /home/smahapat/ros2_ws/install/rn2/share/ament_index/resource_index
creating /home/smahapat/ros2_ws/install/rn2/share/ament_index/resource_index/packages
copying resource/rn2 -> /home/smahapat/ros2_ws/install/rn2/share/ament_index/resource_index/packages
copying package.xml -> /home/smahapat/ros2_ws/install/rn2/share/rn2
running install_egg_info
Copying ../../build/rn2/rn2.egg-info to /home/smahapat/ros2_ws/install/rn2/lib/python3.10/site-packages/rn2-0.0.0-py3.10.egg-info
running install_scripts
writing list of installed files to '/home/smahapat/ros2_ws/build/rn2/install.log'
