[1.688s] Invoking command in '/home/smahapat/ros2_ws/src/rn2': PYTHONPATH=/home/smahapat/ros2_ws/build/rn2/prefix_override:/usr/lib/python3/dist-packages/colcon_core/task/python/colcon_distutils_commands:/home/smahapat/ros2_ws/install/rn2/lib/python3.10/site-packages:${PYTHONPATH} /usr/bin/python3 -W ignore:setup.py install is deprecated setup.py egg_info --egg-base ../../build/rn2 build --build-base /home/smahapat/ros2_ws/build/rn2/build install --record /home/smahapat/ros2_ws/build/rn2/install.log --single-version-externally-managed install_data
[2.148s] running egg_info
[2.148s] creating ../../build/rn2/rn2.egg-info
[2.180s] writing ../../build/rn2/rn2.egg-info/PKG-INFO
[2.181s] writing dependency_links to ../../build/rn2/rn2.egg-info/dependency_links.txt
[2.181s] writing requirements to ../../build/rn2/rn2.egg-info/requires.txt
[2.181s] writing top-level names to ../../build/rn2/rn2.egg-info/top_level.txt
[2.181s] writing manifest file '../../build/rn2/rn2.egg-info/SOURCES.txt'
[2.244s] reading manifest file '../../build/rn2/rn2.egg-info/SOURCES.txt'
[2.246s] writing manifest file '../../build/rn2/rn2.egg-info/SOURCES.txt'
[2.246s] running build
[2.246s] running build_py
[2.246s] creating /home/smahapat/ros2_ws/build/rn2/build
[2.247s] creating /home/smahapat/ros2_ws/build/rn2/build/lib
[2.247s] creating /home/smahapat/ros2_ws/build/rn2/build/lib/rn2
[2.248s] copying rn2/__init__.py -> /home/smahapat/ros2_ws/build/rn2/build/lib/rn2
[2.249s] running install
[2.260s] running install_lib
[2.295s] creating /home/smahapat/ros2_ws/install/rn2/lib/python3.10/site-packages/rn2
[2.295s] copying /home/smahapat/ros2_ws/build/rn2/build/lib/rn2/__init__.py -> /home/smahapat/ros2_ws/install/rn2/lib/python3.10/site-packages/rn2
[2.297s] byte-compiling /home/smahapat/ros2_ws/install/rn2/lib/python3.10/site-packages/rn2/__init__.py to __init__.cpython-310.pyc
[2.298s] running install_data
[2.299s] creating /home/smahapat/ros2_ws/install/rn2/share/ament_index
[2.299s] creating /home/smahapat/ros2_ws/install/rn2/share/ament_index/resource_index
[2.300s] creating /home/smahapat/ros2_ws/install/rn2/share/ament_index/resource_index/packages
[2.300s] copying resource/rn2 -> /home/smahapat/ros2_ws/install/rn2/share/ament_index/resource_index/packages
[2.301s] copying package.xml -> /home/smahapat/ros2_ws/install/rn2/share/rn2
[2.301s] running install_egg_info
[2.338s] Copying ../../build/rn2/rn2.egg-info to /home/smahapat/ros2_ws/install/rn2/lib/python3.10/site-packages/rn2-0.0.0-py3.10.egg-info
[2.339s] running install_scripts
[2.618s] writing list of installed files to '/home/smahapat/ros2_ws/build/rn2/install.log'
[2.673s] Invoked command in '/home/smahapat/ros2_ws/src/rn2' returned '0': PYTHONPATH=/home/smahapat/ros2_ws/build/rn2/prefix_override:/usr/lib/python3/dist-packages/colcon_core/task/python/colcon_distutils_commands:/home/smahapat/ros2_ws/install/rn2/lib/python3.10/site-packages:${PYTHONPATH} /usr/bin/python3 -W ignore:setup.py install is deprecated setup.py egg_info --egg-base ../../build/rn2 build --build-base /home/smahapat/ros2_ws/build/rn2/build install --record /home/smahapat/ros2_ws/build/rn2/install.log --single-version-externally-managed install_data
