[0.263s] [34mcolcon[0m [1;30mDEBUG[0m [32mCommand line arguments: ['/usr/bin/colcon', 'build'][0m
[0.263s] [34mcolcon[0m [1;30mDEBUG[0m [32mParsed command line arguments: Namespace(log_base=None, log_level=None, verb_name='build', build_base='build', install_base='install', merge_install=False, symlink_install=False, test_result_base=None, continue_on_error=False, executor='parallel', parallel_workers=8, event_handlers=None, ignore_user_meta=False, metas=['./colcon.meta'], base_paths=['.'], packages_ignore=None, packages_ignore_regex=None, paths=None, packages_up_to=None, packages_up_to_regex=None, packages_above=None, packages_above_and_dependencies=None, packages_above_depth=None, packages_select_by_dep=None, packages_skip_by_dep=None, packages_skip_up_to=None, packages_select_build_failed=False, packages_skip_build_finished=False, packages_select_test_failures=False, packages_skip_test_passed=False, packages_select=None, packages_skip=None, packages_select_regex=None, packages_skip_regex=None, packages_start=None, packages_end=None, allow_overriding=[], cmake_args=None, cmake_target=None, cmake_target_skip_unavailable=False, cmake_clean_cache=False, cmake_clean_first=False, cmake_force_configure=False, ament_cmake_args=None, catkin_cmake_args=None, catkin_skip_building_tests=False, mixin_files=None, mixin=None, verb_parser=<colcon_mixin.mixin.mixin_argument.MixinArgumentDecorator object at 0x7f9e7803d510>, verb_extension=<colcon_core.verb.build.BuildVerb object at 0x7f9e781bef80>, main=<bound method BuildVerb.main of <colcon_core.verb.build.BuildVerb object at 0x7f9e781bef80>>, mixin_verb=('build',))[0m
[0.305s] [34mcolcon.colcon_core.package_discovery[0m [1;30mLevel 1[0m discover_packages(colcon_meta) check parameters
[0.305s] [34mcolcon.colcon_core.package_discovery[0m [1;30mLevel 1[0m discover_packages(recursive) check parameters
[0.305s] [34mcolcon.colcon_core.package_discovery[0m [1;30mLevel 1[0m discover_packages(ignore) check parameters
[0.305s] [34mcolcon.colcon_core.package_discovery[0m [1;30mLevel 1[0m discover_packages(path) check parameters
[0.305s] [34mcolcon.colcon_core.package_discovery[0m [1;30mLevel 1[0m discover_packages(colcon_meta) discover
[0.305s] [34mcolcon.colcon_core.package_discovery[0m [1;30mLevel 1[0m discover_packages(recursive) discover
[0.305s] [34mcolcon.colcon_core.package_discovery[0m [1;30mINFO[0m Crawling recursively for packages in '/home/smahapat/ros2_ws'
[0.305s] [34mcolcon.colcon_core.package_identification[0m [1;30mLevel 1[0m _identify(.) by extensions ['ignore', 'ignore_ament_install']
[0.305s] [34mcolcon.colcon_core.package_identification[0m [1;30mLevel 1[0m _identify(.) by extension 'ignore'
[0.305s] [34mcolcon.colcon_core.package_identification[0m [1;30mLevel 1[0m _identify(.) by extension 'ignore_ament_install'
[0.305s] [34mcolcon.colcon_core.package_identification[0m [1;30mLevel 1[0m _identify(.) by extensions ['colcon_pkg']
[0.305s] [34mcolcon.colcon_core.package_identification[0m [1;30mLevel 1[0m _identify(.) by extension 'colcon_pkg'
[0.305s] [34mcolcon.colcon_core.package_identification[0m [1;30mLevel 1[0m _identify(.) by extensions ['colcon_meta']
[0.306s] [34mcolcon.colcon_core.package_identification[0m [1;30mLevel 1[0m _identify(.) by extension 'colcon_meta'
[0.306s] [34mcolcon.colcon_core.package_identification[0m [1;30mLevel 1[0m _identify(.) by extensions ['ros']
[0.306s] [34mcolcon.colcon_core.package_identification[0m [1;30mLevel 1[0m _identify(.) by extension 'ros'
[0.323s] [34mcolcon.colcon_core.package_identification[0m [1;30mLevel 1[0m _identify(.) by extensions ['cmake', 'python']
[0.323s] [34mcolcon.colcon_core.package_identification[0m [1;30mLevel 1[0m _identify(.) by extension 'cmake'
[0.323s] [34mcolcon.colcon_core.package_identification[0m [1;30mLevel 1[0m _identify(.) by extension 'python'
[0.324s] [34mcolcon.colcon_core.package_identification[0m [1;30mLevel 1[0m _identify(.) by extensions ['python_setup_py']
[0.324s] [34mcolcon.colcon_core.package_identification[0m [1;30mLevel 1[0m _identify(.) by extension 'python_setup_py'
[0.324s] [34mcolcon.colcon_core.package_identification[0m [1;30mLevel 1[0m _identify(build) by extensions ['ignore', 'ignore_ament_install']
[0.324s] [34mcolcon.colcon_core.package_identification[0m [1;30mLevel 1[0m _identify(build) by extension 'ignore'
[0.324s] [34mcolcon.colcon_core.package_identification[0m [1;30mLevel 1[0m _identify(build) ignored
[0.324s] [34mcolcon.colcon_core.package_identification[0m [1;30mLevel 1[0m _identify(install) by extensions ['ignore', 'ignore_ament_install']
[0.324s] [34mcolcon.colcon_core.package_identification[0m [1;30mLevel 1[0m _identify(install) by extension 'ignore'
[0.324s] [34mcolcon.colcon_core.package_identification[0m [1;30mLevel 1[0m _identify(install) ignored
[0.324s] [34mcolcon.colcon_core.package_identification[0m [1;30mLevel 1[0m _identify(log) by extensions ['ignore', 'ignore_ament_install']
[0.324s] [34mcolcon.colcon_core.package_identification[0m [1;30mLevel 1[0m _identify(log) by extension 'ignore'
[0.324s] [34mcolcon.colcon_core.package_identification[0m [1;30mLevel 1[0m _identify(log) ignored
[0.324s] [34mcolcon.colcon_core.package_identification[0m [1;30mLevel 1[0m _identify(src) by extensions ['ignore', 'ignore_ament_install']
[0.324s] [34mcolcon.colcon_core.package_identification[0m [1;30mLevel 1[0m _identify(src) by extension 'ignore'
[0.324s] [34mcolcon.colcon_core.package_identification[0m [1;30mLevel 1[0m _identify(src) by extension 'ignore_ament_install'
[0.325s] [34mcolcon.colcon_core.package_identification[0m [1;30mLevel 1[0m _identify(src) by extensions ['colcon_pkg']
[0.325s] [34mcolcon.colcon_core.package_identification[0m [1;30mLevel 1[0m _identify(src) by extension 'colcon_pkg'
[0.325s] [34mcolcon.colcon_core.package_identification[0m [1;30mLevel 1[0m _identify(src) by extensions ['colcon_meta']
[0.325s] [34mcolcon.colcon_core.package_identification[0m [1;30mLevel 1[0m _identify(src) by extension 'colcon_meta'
[0.325s] [34mcolcon.colcon_core.package_identification[0m [1;30mLevel 1[0m _identify(src) by extensions ['ros']
[0.325s] [34mcolcon.colcon_core.package_identification[0m [1;30mLevel 1[0m _identify(src) by extension 'ros'
[0.325s] [34mcolcon.colcon_core.package_identification[0m [1;30mLevel 1[0m _identify(src) by extensions ['cmake', 'python']
[0.325s] [34mcolcon.colcon_core.package_identification[0m [1;30mLevel 1[0m _identify(src) by extension 'cmake'
[0.325s] [34mcolcon.colcon_core.package_identification[0m [1;30mLevel 1[0m _identify(src) by extension 'python'
[0.325s] [34mcolcon.colcon_core.package_identification[0m [1;30mLevel 1[0m _identify(src) by extensions ['python_setup_py']
[0.325s] [34mcolcon.colcon_core.package_identification[0m [1;30mLevel 1[0m _identify(src) by extension 'python_setup_py'
[0.325s] [34mcolcon.colcon_core.package_identification[0m [1;30mLevel 1[0m _identify(src/rn1) by extensions ['ignore', 'ignore_ament_install']
[0.325s] [34mcolcon.colcon_core.package_identification[0m [1;30mLevel 1[0m _identify(src/rn1) by extension 'ignore'
[0.325s] [34mcolcon.colcon_core.package_identification[0m [1;30mLevel 1[0m _identify(src/rn1) by extension 'ignore_ament_install'
[0.325s] [34mcolcon.colcon_core.package_identification[0m [1;30mLevel 1[0m _identify(src/rn1) by extensions ['colcon_pkg']
[0.325s] [34mcolcon.colcon_core.package_identification[0m [1;30mLevel 1[0m _identify(src/rn1) by extension 'colcon_pkg'
[0.325s] [34mcolcon.colcon_core.package_identification[0m [1;30mLevel 1[0m _identify(src/rn1) by extensions ['colcon_meta']
[0.325s] [34mcolcon.colcon_core.package_identification[0m [1;30mLevel 1[0m _identify(src/rn1) by extension 'colcon_meta'
[0.325s] [34mcolcon.colcon_core.package_identification[0m [1;30mLevel 1[0m _identify(src/rn1) by extensions ['ros']
[0.325s] [34mcolcon.colcon_core.package_identification[0m [1;30mLevel 1[0m _identify(src/rn1) by extension 'ros'
[0.329s] [34mcolcon.colcon_core.package_identification[0m [1;30mDEBUG[0m [32mPackage 'src/rn1' with type 'ros.ament_python' and name 'rn1'[0m
[0.329s] [34mcolcon.colcon_core.package_identification[0m [1;30mLevel 1[0m _identify(src/rn2) by extensions ['ignore', 'ignore_ament_install']
[0.329s] [34mcolcon.colcon_core.package_identification[0m [1;30mLevel 1[0m _identify(src/rn2) by extension 'ignore'
[0.329s] [34mcolcon.colcon_core.package_identification[0m [1;30mLevel 1[0m _identify(src/rn2) by extension 'ignore_ament_install'
[0.329s] [34mcolcon.colcon_core.package_identification[0m [1;30mLevel 1[0m _identify(src/rn2) by extensions ['colcon_pkg']
[0.329s] [34mcolcon.colcon_core.package_identification[0m [1;30mLevel 1[0m _identify(src/rn2) by extension 'colcon_pkg'
[0.329s] [34mcolcon.colcon_core.package_identification[0m [1;30mLevel 1[0m _identify(src/rn2) by extensions ['colcon_meta']
[0.329s] [34mcolcon.colcon_core.package_identification[0m [1;30mLevel 1[0m _identify(src/rn2) by extension 'colcon_meta'
[0.329s] [34mcolcon.colcon_core.package_identification[0m [1;30mLevel 1[0m _identify(src/rn2) by extensions ['ros']
[0.330s] [34mcolcon.colcon_core.package_identification[0m [1;30mLevel 1[0m _identify(src/rn2) by extension 'ros'
[0.330s] [34mcolcon.colcon_core.package_identification[0m [1;30mDEBUG[0m [32mPackage 'src/rn2' with type 'ros.ament_python' and name 'rn2'[0m
[0.330s] [34mcolcon.colcon_core.package_discovery[0m [1;30mLevel 1[0m discover_packages(recursive) using defaults
[0.330s] [34mcolcon.colcon_core.package_discovery[0m [1;30mLevel 1[0m discover_packages(ignore) discover
[0.330s] [34mcolcon.colcon_core.package_discovery[0m [1;30mLevel 1[0m discover_packages(ignore) using defaults
[0.330s] [34mcolcon.colcon_core.package_discovery[0m [1;30mLevel 1[0m discover_packages(path) discover
[0.330s] [34mcolcon.colcon_core.package_discovery[0m [1;30mLevel 1[0m discover_packages(path) using defaults
[0.350s] [34mcolcon.colcon_core.package_discovery[0m [1;30mLevel 1[0m discover_packages(prefix_path) check parameters
[0.350s] [34mcolcon.colcon_core.package_discovery[0m [1;30mLevel 1[0m discover_packages(prefix_path) discover
[0.351s] [34mcolcon.colcon_installed_package_information.package_discovery[0m [1;30mDEBUG[0m [32mFound 0 installed packages in /home/smahapat/ros2_ws/install[0m
[0.352s] [34mcolcon.colcon_installed_package_information.package_discovery[0m [1;30mDEBUG[0m [32mFound 270 installed packages in /opt/ros/humble[0m
[0.354s] [34mcolcon.colcon_core.package_discovery[0m [1;30mLevel 1[0m discover_packages(prefix_path) using defaults
[0.391s] [34mcolcon.colcon_core.verb[0m [1;30mLevel 5[0m set package 'rn1' build argument 'cmake_args' from command line to 'None'
[0.391s] [34mcolcon.colcon_core.verb[0m [1;30mLevel 5[0m set package 'rn1' build argument 'cmake_target' from command line to 'None'
[0.391s] [34mcolcon.colcon_core.verb[0m [1;30mLevel 5[0m set package 'rn1' build argument 'cmake_target_skip_unavailable' from command line to 'False'
[0.391s] [34mcolcon.colcon_core.verb[0m [1;30mLevel 5[0m set package 'rn1' build argument 'cmake_clean_cache' from command line to 'False'
[0.391s] [34mcolcon.colcon_core.verb[0m [1;30mLevel 5[0m set package 'rn1' build argument 'cmake_clean_first' from command line to 'False'
[0.391s] [34mcolcon.colcon_core.verb[0m [1;30mLevel 5[0m set package 'rn1' build argument 'cmake_force_configure' from command line to 'False'
[0.391s] [34mcolcon.colcon_core.verb[0m [1;30mLevel 5[0m set package 'rn1' build argument 'ament_cmake_args' from command line to 'None'
[0.391s] [34mcolcon.colcon_core.verb[0m [1;30mLevel 5[0m set package 'rn1' build argument 'catkin_cmake_args' from command line to 'None'
[0.391s] [34mcolcon.colcon_core.verb[0m [1;30mLevel 5[0m set package 'rn1' build argument 'catkin_skip_building_tests' from command line to 'False'
[0.391s] [34mcolcon.colcon_core.verb[0m [1;30mDEBUG[0m [32mBuilding package 'rn1' with the following arguments: {'ament_cmake_args': None, 'build_base': '/home/smahapat/ros2_ws/build/rn1', 'catkin_cmake_args': None, 'catkin_skip_building_tests': False, 'cmake_args': None, 'cmake_clean_cache': False, 'cmake_clean_first': False, 'cmake_force_configure': False, 'cmake_target': None, 'cmake_target_skip_unavailable': False, 'install_base': '/home/smahapat/ros2_ws/install/rn1', 'merge_install': False, 'path': '/home/smahapat/ros2_ws/src/rn1', 'symlink_install': False, 'test_result_base': None}[0m
[0.392s] [34mcolcon.colcon_core.verb[0m [1;30mLevel 5[0m set package 'rn2' build argument 'cmake_args' from command line to 'None'
[0.392s] [34mcolcon.colcon_core.verb[0m [1;30mLevel 5[0m set package 'rn2' build argument 'cmake_target' from command line to 'None'
[0.392s] [34mcolcon.colcon_core.verb[0m [1;30mLevel 5[0m set package 'rn2' build argument 'cmake_target_skip_unavailable' from command line to 'False'
[0.392s] [34mcolcon.colcon_core.verb[0m [1;30mLevel 5[0m set package 'rn2' build argument 'cmake_clean_cache' from command line to 'False'
[0.392s] [34mcolcon.colcon_core.verb[0m [1;30mLevel 5[0m set package 'rn2' build argument 'cmake_clean_first' from command line to 'False'
[0.392s] [34mcolcon.colcon_core.verb[0m [1;30mLevel 5[0m set package 'rn2' build argument 'cmake_force_configure' from command line to 'False'
[0.392s] [34mcolcon.colcon_core.verb[0m [1;30mLevel 5[0m set package 'rn2' build argument 'ament_cmake_args' from command line to 'None'
[0.392s] [34mcolcon.colcon_core.verb[0m [1;30mLevel 5[0m set package 'rn2' build argument 'catkin_cmake_args' from command line to 'None'
[0.392s] [34mcolcon.colcon_core.verb[0m [1;30mLevel 5[0m set package 'rn2' build argument 'catkin_skip_building_tests' from command line to 'False'
[0.392s] [34mcolcon.colcon_core.verb[0m [1;30mDEBUG[0m [32mBuilding package 'rn2' with the following arguments: {'ament_cmake_args': None, 'build_base': '/home/smahapat/ros2_ws/build/rn2', 'catkin_cmake_args': None, 'catkin_skip_building_tests': False, 'cmake_args': None, 'cmake_clean_cache': False, 'cmake_clean_first': False, 'cmake_force_configure': False, 'cmake_target': None, 'cmake_target_skip_unavailable': False, 'install_base': '/home/smahapat/ros2_ws/install/rn2', 'merge_install': False, 'path': '/home/smahapat/ros2_ws/src/rn2', 'symlink_install': False, 'test_result_base': None}[0m
[0.392s] [34mcolcon.colcon_core.executor[0m [1;30mINFO[0m Executing jobs using 'parallel' executor
[0.394s] [34mcolcon.colcon_parallel_executor.executor.parallel[0m [1;30mDEBUG[0m [32mrun_until_complete[0m
[0.394s] [34mcolcon.colcon_ros.task.ament_python.build[0m [1;30mINFO[0m Building ROS package in '/home/smahapat/ros2_ws/src/rn1' with build type 'ament_python'
[0.394s] [34mcolcon.colcon_core.shell[0m [1;30mLevel 1[0m create_environment_hook('rn1', 'ament_prefix_path')
[0.398s] [34mcolcon.colcon_core.plugin_system[0m [1;30mINFO[0m Skipping extension 'colcon_core.shell.bat': Not used on non-Windows systems
[0.398s] [34mcolcon.colcon_core.shell[0m [1;30mINFO[0m Creating environment hook '/home/smahapat/ros2_ws/install/rn1/share/rn1/hook/ament_prefix_path.ps1'
[0.401s] [34mcolcon.colcon_core.shell[0m [1;30mINFO[0m Creating environment descriptor '/home/smahapat/ros2_ws/install/rn1/share/rn1/hook/ament_prefix_path.dsv'
[0.402s] [34mcolcon.colcon_core.shell[0m [1;30mINFO[0m Creating environment hook '/home/smahapat/ros2_ws/install/rn1/share/rn1/hook/ament_prefix_path.sh'
[0.404s] [34mcolcon.colcon_core.shell[0m [1;30mINFO[0m Skip shell extension 'powershell' for command environment: Not usable outside of PowerShell
[0.404s] [34mcolcon.colcon_core.shell[0m [1;30mDEBUG[0m [32mSkip shell extension 'dsv' for command environment[0m
[0.408s] [34mcolcon.colcon_ros.task.ament_python.build[0m [1;30mINFO[0m Building ROS package in '/home/smahapat/ros2_ws/src/rn2' with build type 'ament_python'
[0.409s] [34mcolcon.colcon_core.shell[0m [1;30mLevel 1[0m create_environment_hook('rn2', 'ament_prefix_path')
[0.409s] [34mcolcon.colcon_core.shell[0m [1;30mINFO[0m Creating environment hook '/home/smahapat/ros2_ws/install/rn2/share/rn2/hook/ament_prefix_path.ps1'
[0.411s] [34mcolcon.colcon_core.shell[0m [1;30mINFO[0m Creating environment descriptor '/home/smahapat/ros2_ws/install/rn2/share/rn2/hook/ament_prefix_path.dsv'
[0.411s] [34mcolcon.colcon_core.shell[0m [1;30mINFO[0m Creating environment hook '/home/smahapat/ros2_ws/install/rn2/share/rn2/hook/ament_prefix_path.sh'
[0.412s] [34mcolcon.colcon_core.shell[0m [1;30mINFO[0m Skip shell extension 'powershell' for command environment: Not usable outside of PowerShell
[0.412s] [34mcolcon.colcon_core.shell[0m [1;30mDEBUG[0m [32mSkip shell extension 'dsv' for command environment[0m
[0.640s] [34mcolcon.colcon_core.task.python.build[0m [1;30mINFO[0m Building Python package in '/home/smahapat/ros2_ws/src/rn1'
[0.640s] [34mcolcon.colcon_core.shell[0m [1;30mINFO[0m Skip shell extension 'powershell' for command environment: Not usable outside of PowerShell
[0.640s] [34mcolcon.colcon_core.shell[0m [1;30mDEBUG[0m [32mSkip shell extension 'dsv' for command environment[0m
[0.913s] [34mcolcon.colcon_core.task.python.build[0m [1;30mINFO[0m Building Python package in '/home/smahapat/ros2_ws/src/rn2'
[0.913s] [34mcolcon.colcon_core.shell[0m [1;30mINFO[0m Skip shell extension 'powershell' for command environment: Not usable outside of PowerShell
[0.913s] [34mcolcon.colcon_core.shell[0m [1;30mDEBUG[0m [32mSkip shell extension 'dsv' for command environment[0m
[2.088s] [34mcolcon.colcon_core.event_handler.log_command[0m [1;30mDEBUG[0m [32mInvoking command in '/home/smahapat/ros2_ws/src/rn1': PYTHONPATH=/home/smahapat/ros2_ws/build/rn1/prefix_override:/usr/lib/python3/dist-packages/colcon_core/task/python/colcon_distutils_commands:/home/smahapat/ros2_ws/install/rn1/lib/python3.10/site-packages:${PYTHONPATH} /usr/bin/python3 -W ignore:setup.py install is deprecated setup.py egg_info --egg-base ../../build/rn1 build --build-base /home/smahapat/ros2_ws/build/rn1/build install --record /home/smahapat/ros2_ws/build/rn1/install.log --single-version-externally-managed install_data[0m
[2.096s] [34mcolcon.colcon_core.event_handler.log_command[0m [1;30mDEBUG[0m [32mInvoking command in '/home/smahapat/ros2_ws/src/rn2': PYTHONPATH=/home/smahapat/ros2_ws/build/rn2/prefix_override:/usr/lib/python3/dist-packages/colcon_core/task/python/colcon_distutils_commands:/home/smahapat/ros2_ws/install/rn2/lib/python3.10/site-packages:${PYTHONPATH} /usr/bin/python3 -W ignore:setup.py install is deprecated setup.py egg_info --egg-base ../../build/rn2 build --build-base /home/smahapat/ros2_ws/build/rn2/build install --record /home/smahapat/ros2_ws/build/rn2/install.log --single-version-externally-managed install_data[0m
[3.038s] [34mcolcon.colcon_core.event_handler.log_command[0m [1;30mDEBUG[0m [32mInvoked command in '/home/smahapat/ros2_ws/src/rn1' returned '0': PYTHONPATH=/home/smahapat/ros2_ws/build/rn1/prefix_override:/usr/lib/python3/dist-packages/colcon_core/task/python/colcon_distutils_commands:/home/smahapat/ros2_ws/install/rn1/lib/python3.10/site-packages:${PYTHONPATH} /usr/bin/python3 -W ignore:setup.py install is deprecated setup.py egg_info --egg-base ../../build/rn1 build --build-base /home/smahapat/ros2_ws/build/rn1/build install --record /home/smahapat/ros2_ws/build/rn1/install.log --single-version-externally-managed install_data[0m
[3.049s] [34mcolcon.colcon_core.environment[0m [1;30mLevel 1[0m checking '/home/smahapat/ros2_ws/install/rn1' for CMake module files
[3.050s] [34mcolcon.colcon_core.environment[0m [1;30mLevel 1[0m checking '/home/smahapat/ros2_ws/install/rn1' for CMake config files
[3.050s] [34mcolcon.colcon_core.environment[0m [1;30mLevel 1[0m checking '/home/smahapat/ros2_ws/install/rn1/lib'
[3.050s] [34mcolcon.colcon_core.environment[0m [1;30mLevel 1[0m checking '/home/smahapat/ros2_ws/install/rn1/bin'
[3.051s] [34mcolcon.colcon_core.environment[0m [1;30mLevel 1[0m checking '/home/smahapat/ros2_ws/install/rn1/lib/pkgconfig/rn1.pc'
[3.051s] [34mcolcon.colcon_core.environment[0m [1;30mLevel 1[0m checking '/home/smahapat/ros2_ws/install/rn1/lib/python3.10/site-packages'
[3.051s] [34mcolcon.colcon_core.shell[0m [1;30mLevel 1[0m create_environment_hook('rn1', 'pythonpath')
[3.051s] [34mcolcon.colcon_core.shell[0m [1;30mINFO[0m Creating environment hook '/home/smahapat/ros2_ws/install/rn1/share/rn1/hook/pythonpath.ps1'
[3.052s] [34mcolcon.colcon_core.shell[0m [1;30mINFO[0m Creating environment descriptor '/home/smahapat/ros2_ws/install/rn1/share/rn1/hook/pythonpath.dsv'
[3.052s] [34mcolcon.colcon_core.shell[0m [1;30mINFO[0m Creating environment hook '/home/smahapat/ros2_ws/install/rn1/share/rn1/hook/pythonpath.sh'
[3.053s] [34mcolcon.colcon_core.environment[0m [1;30mLevel 1[0m checking '/home/smahapat/ros2_ws/install/rn1/bin'
[3.053s] [34mcolcon.colcon_core.environment[0m [1;30mLevel 1[0m create_environment_scripts_only(rn1)
[3.053s] [34mcolcon.colcon_core.shell[0m [1;30mINFO[0m Creating package script '/home/smahapat/ros2_ws/install/rn1/share/rn1/package.ps1'
[3.055s] [34mcolcon.colcon_core.shell[0m [1;30mINFO[0m Creating package descriptor '/home/smahapat/ros2_ws/install/rn1/share/rn1/package.dsv'
[3.057s] [34mcolcon.colcon_core.shell[0m [1;30mINFO[0m Creating package script '/home/smahapat/ros2_ws/install/rn1/share/rn1/package.sh'
[3.058s] [34mcolcon.colcon_core.shell[0m [1;30mINFO[0m Creating package script '/home/smahapat/ros2_ws/install/rn1/share/rn1/package.bash'
[3.060s] [34mcolcon.colcon_core.shell[0m [1;30mINFO[0m Creating package script '/home/smahapat/ros2_ws/install/rn1/share/rn1/package.zsh'
[3.061s] [34mcolcon.colcon_core.environment[0m [1;30mLevel 1[0m create_file_with_runtime_dependencies(/home/smahapat/ros2_ws/install/rn1/share/colcon-core/packages/rn1)
[3.080s] [34mcolcon.colcon_core.environment[0m [1;30mLevel 1[0m checking '/home/smahapat/ros2_ws/install/rn2' for CMake module files
[3.081s] [34mcolcon.colcon_core.event_handler.log_command[0m [1;30mDEBUG[0m [32mInvoked command in '/home/smahapat/ros2_ws/src/rn2' returned '0': PYTHONPATH=/home/smahapat/ros2_ws/build/rn2/prefix_override:/usr/lib/python3/dist-packages/colcon_core/task/python/colcon_distutils_commands:/home/smahapat/ros2_ws/install/rn2/lib/python3.10/site-packages:${PYTHONPATH} /usr/bin/python3 -W ignore:setup.py install is deprecated setup.py egg_info --egg-base ../../build/rn2 build --build-base /home/smahapat/ros2_ws/build/rn2/build install --record /home/smahapat/ros2_ws/build/rn2/install.log --single-version-externally-managed install_data[0m
[3.083s] [34mcolcon.colcon_core.environment[0m [1;30mLevel 1[0m checking '/home/smahapat/ros2_ws/install/rn2' for CMake config files
[3.083s] [34mcolcon.colcon_core.environment[0m [1;30mLevel 1[0m checking '/home/smahapat/ros2_ws/install/rn2/lib'
[3.084s] [34mcolcon.colcon_core.environment[0m [1;30mLevel 1[0m checking '/home/smahapat/ros2_ws/install/rn2/bin'
[3.084s] [34mcolcon.colcon_core.environment[0m [1;30mLevel 1[0m checking '/home/smahapat/ros2_ws/install/rn2/lib/pkgconfig/rn2.pc'
[3.084s] [34mcolcon.colcon_core.environment[0m [1;30mLevel 1[0m checking '/home/smahapat/ros2_ws/install/rn2/lib/python3.10/site-packages'
[3.084s] [34mcolcon.colcon_core.shell[0m [1;30mLevel 1[0m create_environment_hook('rn2', 'pythonpath')
[3.084s] [34mcolcon.colcon_core.shell[0m [1;30mINFO[0m Creating environment hook '/home/smahapat/ros2_ws/install/rn2/share/rn2/hook/pythonpath.ps1'
[3.085s] [34mcolcon.colcon_core.shell[0m [1;30mINFO[0m Creating environment descriptor '/home/smahapat/ros2_ws/install/rn2/share/rn2/hook/pythonpath.dsv'
[3.085s] [34mcolcon.colcon_core.shell[0m [1;30mINFO[0m Creating environment hook '/home/smahapat/ros2_ws/install/rn2/share/rn2/hook/pythonpath.sh'
[3.086s] [34mcolcon.colcon_core.environment[0m [1;30mLevel 1[0m checking '/home/smahapat/ros2_ws/install/rn2/bin'
[3.086s] [34mcolcon.colcon_core.environment[0m [1;30mLevel 1[0m create_environment_scripts_only(rn2)
[3.087s] [34mcolcon.colcon_core.shell[0m [1;30mINFO[0m Creating package script '/home/smahapat/ros2_ws/install/rn2/share/rn2/package.ps1'
[3.087s] [34mcolcon.colcon_core.shell[0m [1;30mINFO[0m Creating package descriptor '/home/smahapat/ros2_ws/install/rn2/share/rn2/package.dsv'
[3.088s] [34mcolcon.colcon_core.shell[0m [1;30mINFO[0m Creating package script '/home/smahapat/ros2_ws/install/rn2/share/rn2/package.sh'
[3.089s] [34mcolcon.colcon_core.shell[0m [1;30mINFO[0m Creating package script '/home/smahapat/ros2_ws/install/rn2/share/rn2/package.bash'
[3.089s] [34mcolcon.colcon_core.shell[0m [1;30mINFO[0m Creating package script '/home/smahapat/ros2_ws/install/rn2/share/rn2/package.zsh'
[3.090s] [34mcolcon.colcon_core.environment[0m [1;30mLevel 1[0m create_file_with_runtime_dependencies(/home/smahapat/ros2_ws/install/rn2/share/colcon-core/packages/rn2)
[3.090s] [34mcolcon.colcon_parallel_executor.executor.parallel[0m [1;30mDEBUG[0m [32mclosing loop[0m
[3.091s] [34mcolcon.colcon_parallel_executor.executor.parallel[0m [1;30mDEBUG[0m [32mloop closed[0m
[3.091s] [34mcolcon.colcon_parallel_executor.executor.parallel[0m [1;30mDEBUG[0m [32mrun_until_complete finished with '0'[0m
[3.091s] [34mcolcon.colcon_core.event_reactor[0m [1;30mDEBUG[0m [32mjoining thread[0m
[3.163s] [34mcolcon.colcon_core.plugin_system[0m [1;30mINFO[0m Skipping extension 'colcon_notification.desktop_notification.notify_send': Could not find 'notify-send'
[3.164s] [34mcolcon.colcon_core.plugin_system[0m [1;30mINFO[0m Skipping extension 'colcon_notification.desktop_notification.terminal_notifier': Not used on non-Darwin systems
[3.164s] [34mcolcon.colcon_core.plugin_system[0m [1;30mINFO[0m Skipping extension 'colcon_notification.desktop_notification.win32': Not used on non-Windows systems
[3.164s] [34mcolcon.colcon_notification.desktop_notification[0m [1;30mINFO[0m Sending desktop notification using 'notify2'
[3.166s] [34mcolcon.colcon_notification.desktop_notification.notify2[0m [1;30mDEBUG[0m [32mFailed to initialize notify2: org.freedesktop.DBus.Error.ServiceUnknown: The name org.freedesktop.Notifications was not provided by any .service files[0m
[3.166s] [34mcolcon.colcon_core.event_reactor[0m [1;30mDEBUG[0m [32mjoined thread[0m
[3.166s] [34mcolcon.colcon_core.shell[0m [1;30mINFO[0m Creating prefix script '/home/smahapat/ros2_ws/install/local_setup.ps1'
[3.167s] [34mcolcon.colcon_core.shell[0m [1;30mINFO[0m Creating prefix util module '/home/smahapat/ros2_ws/install/_local_setup_util_ps1.py'
[3.170s] [34mcolcon.colcon_core.shell[0m [1;30mINFO[0m Creating prefix chain script '/home/smahapat/ros2_ws/install/setup.ps1'
[3.171s] [34mcolcon.colcon_core.shell[0m [1;30mINFO[0m Creating prefix script '/home/smahapat/ros2_ws/install/local_setup.sh'
[3.172s] [34mcolcon.colcon_core.shell[0m [1;30mINFO[0m Creating prefix util module '/home/smahapat/ros2_ws/install/_local_setup_util_sh.py'
[3.173s] [34mcolcon.colcon_core.shell[0m [1;30mINFO[0m Creating prefix chain script '/home/smahapat/ros2_ws/install/setup.sh'
[3.174s] [34mcolcon.colcon_core.shell[0m [1;30mINFO[0m Creating prefix script '/home/smahapat/ros2_ws/install/local_setup.bash'
[3.175s] [34mcolcon.colcon_core.shell[0m [1;30mINFO[0m Creating prefix chain script '/home/smahapat/ros2_ws/install/setup.bash'
[3.177s] [34mcolcon.colcon_core.shell[0m [1;30mINFO[0m Creating prefix script '/home/smahapat/ros2_ws/install/local_setup.zsh'
[3.177s] [34mcolcon.colcon_core.shell[0m [1;30mINFO[0m Creating prefix chain script '/home/smahapat/ros2_ws/install/setup.zsh'
