[0.546s] colcon DEBUG Command line arguments: ['/usr/bin/colcon', 'list', '-p', '--base-paths', '/home/smahapat/ros2_ws']
[0.546s] colcon DEBUG Parsed command line arguments: Namespace(log_base=None, log_level=None, verb_name='list', build_base='build', ignore_user_meta=False, metas=['./colcon.meta'], base_paths=['/home/smahapat/ros2_ws'], packages_ignore=None, packages_ignore_regex=None, paths=None, packages_up_to=None, packages_up_to_regex=None, packages_above=None, packages_above_and_dependencies=None, packages_above_depth=None, packages_select_by_dep=None, packages_skip_by_dep=None, packages_skip_up_to=None, packages_select_build_failed=False, packages_skip_build_finished=False, packages_select_test_failures=False, packages_skip_test_passed=False, packages_select=None, packages_skip=None, packages_select_regex=None, packages_skip_regex=None, packages_start=None, packages_end=None, allow_overriding=[], topological_order=False, names_only=False, paths_only=True, topological_graph=False, topological_graph_dot=False, topological_graph_density=False, topological_graph_legend=False, topological_graph_dot_cluster=False, topological_graph_dot_include_skipped=False, mixin_files=None, mixin=None, verb_parser=<colcon_mixin.mixin.mixin_argument.MixinArgumentDecorator object at 0x7ff61ceddff0>, verb_extension=<colcon_package_information.verb.list.ListVerb object at 0x7ff61d05ed10>, main=<bound method ListVerb.main of <colcon_package_information.verb.list.ListVerb object at 0x7ff61d05ed10>>, mixin_verb=('list',))
[0.694s] colcon.colcon_core.package_discovery Level 1 discover_packages(colcon_meta) check parameters
[0.694s] colcon.colcon_core.package_discovery Level 1 discover_packages(recursive) check parameters
[0.695s] colcon.colcon_core.package_discovery Level 1 discover_packages(ignore) check parameters
[0.695s] colcon.colcon_core.package_discovery Level 1 discover_packages(path) check parameters
[0.695s] colcon.colcon_core.package_discovery Level 1 discover_packages(recursive) discover
[0.695s] colcon.colcon_core.package_discovery INFO Crawling recursively for packages in '/home/smahapat/ros2_ws'
[0.695s] colcon.colcon_core.package_identification Level 1 _identify(/home/smahapat/ros2_ws) by extensions ['ignore', 'ignore_ament_install']
[0.695s] colcon.colcon_core.package_identification Level 1 _identify(/home/smahapat/ros2_ws) by extension 'ignore'
[0.696s] colcon.colcon_core.package_identification Level 1 _identify(/home/smahapat/ros2_ws) by extension 'ignore_ament_install'
[0.696s] colcon.colcon_core.package_identification Level 1 _identify(/home/smahapat/ros2_ws) by extensions ['colcon_pkg']
[0.696s] colcon.colcon_core.package_identification Level 1 _identify(/home/smahapat/ros2_ws) by extension 'colcon_pkg'
[0.696s] colcon.colcon_core.package_identification Level 1 _identify(/home/smahapat/ros2_ws) by extensions ['colcon_meta']
[0.696s] colcon.colcon_core.package_identification Level 1 _identify(/home/smahapat/ros2_ws) by extension 'colcon_meta'
[0.696s] colcon.colcon_core.package_identification Level 1 _identify(/home/smahapat/ros2_ws) by extensions ['ros']
[0.696s] colcon.colcon_core.package_identification Level 1 _identify(/home/smahapat/ros2_ws) by extension 'ros'
[0.754s] colcon.colcon_core.package_identification Level 1 _identify(/home/smahapat/ros2_ws) by extensions ['cmake', 'python']
[0.754s] colcon.colcon_core.package_identification Level 1 _identify(/home/smahapat/ros2_ws) by extension 'cmake'
[0.754s] colcon.colcon_core.package_identification Level 1 _identify(/home/smahapat/ros2_ws) by extension 'python'
[0.754s] colcon.colcon_core.package_identification Level 1 _identify(/home/smahapat/ros2_ws) by extensions ['python_setup_py']
[0.754s] colcon.colcon_core.package_identification Level 1 _identify(/home/smahapat/ros2_ws) by extension 'python_setup_py'
[0.754s] colcon.colcon_core.package_identification Level 1 _identify(/home/smahapat/ros2_ws/build) by extensions ['ignore', 'ignore_ament_install']
[0.755s] colcon.colcon_core.package_identification Level 1 _identify(/home/smahapat/ros2_ws/build) by extension 'ignore'
[0.755s] colcon.colcon_core.package_identification Level 1 _identify(/home/smahapat/ros2_ws/build) ignored
[0.755s] colcon.colcon_core.package_identification Level 1 _identify(/home/smahapat/ros2_ws/install) by extensions ['ignore', 'ignore_ament_install']
[0.756s] colcon.colcon_core.package_identification Level 1 _identify(/home/smahapat/ros2_ws/install) by extension 'ignore'
[0.756s] colcon.colcon_core.package_identification Level 1 _identify(/home/smahapat/ros2_ws/install) ignored
[0.756s] colcon.colcon_core.package_identification Level 1 _identify(/home/smahapat/ros2_ws/log) by extensions ['ignore', 'ignore_ament_install']
[0.756s] colcon.colcon_core.package_identification Level 1 _identify(/home/smahapat/ros2_ws/log) by extension 'ignore'
[0.756s] colcon.colcon_core.package_identification Level 1 _identify(/home/smahapat/ros2_ws/log) ignored
[0.756s] colcon.colcon_core.package_identification Level 1 _identify(/home/smahapat/ros2_ws/src) by extensions ['ignore', 'ignore_ament_install']
[0.757s] colcon.colcon_core.package_identification Level 1 _identify(/home/smahapat/ros2_ws/src) by extension 'ignore'
[0.757s] colcon.colcon_core.package_identification Level 1 _identify(/home/smahapat/ros2_ws/src) by extension 'ignore_ament_install'
[0.757s] colcon.colcon_core.package_identification Level 1 _identify(/home/smahapat/ros2_ws/src) by extensions ['colcon_pkg']
[0.757s] colcon.colcon_core.package_identification Level 1 _identify(/home/smahapat/ros2_ws/src) by extension 'colcon_pkg'
[0.757s] colcon.colcon_core.package_identification Level 1 _identify(/home/smahapat/ros2_ws/src) by extensions ['colcon_meta']
[0.757s] colcon.colcon_core.package_identification Level 1 _identify(/home/smahapat/ros2_ws/src) by extension 'colcon_meta'
[0.758s] colcon.colcon_core.package_identification Level 1 _identify(/home/smahapat/ros2_ws/src) by extensions ['ros']
[0.758s] colcon.colcon_core.package_identification Level 1 _identify(/home/smahapat/ros2_ws/src) by extension 'ros'
[0.758s] colcon.colcon_core.package_identification Level 1 _identify(/home/smahapat/ros2_ws/src) by extensions ['cmake', 'python']
[0.758s] colcon.colcon_core.package_identification Level 1 _identify(/home/smahapat/ros2_ws/src) by extension 'cmake'
[0.758s] colcon.colcon_core.package_identification Level 1 _identify(/home/smahapat/ros2_ws/src) by extension 'python'
[0.758s] colcon.colcon_core.package_identification Level 1 _identify(/home/smahapat/ros2_ws/src) by extensions ['python_setup_py']
[0.758s] colcon.colcon_core.package_identification Level 1 _identify(/home/smahapat/ros2_ws/src) by extension 'python_setup_py'
[0.758s] colcon.colcon_core.package_identification Level 1 _identify(/home/smahapat/ros2_ws/src/rn1) by extensions ['ignore', 'ignore_ament_install']
[0.759s] colcon.colcon_core.package_identification Level 1 _identify(/home/smahapat/ros2_ws/src/rn1) by extension 'ignore'
[0.759s] colcon.colcon_core.package_identification Level 1 _identify(/home/smahapat/ros2_ws/src/rn1) by extension 'ignore_ament_install'
[0.759s] colcon.colcon_core.package_identification Level 1 _identify(/home/smahapat/ros2_ws/src/rn1) by extensions ['colcon_pkg']
[0.759s] colcon.colcon_core.package_identification Level 1 _identify(/home/smahapat/ros2_ws/src/rn1) by extension 'colcon_pkg'
[0.759s] colcon.colcon_core.package_identification Level 1 _identify(/home/smahapat/ros2_ws/src/rn1) by extensions ['colcon_meta']
[0.759s] colcon.colcon_core.package_identification Level 1 _identify(/home/smahapat/ros2_ws/src/rn1) by extension 'colcon_meta'
[0.759s] colcon.colcon_core.package_identification Level 1 _identify(/home/smahapat/ros2_ws/src/rn1) by extensions ['ros']
[0.759s] colcon.colcon_core.package_identification Level 1 _identify(/home/smahapat/ros2_ws/src/rn1) by extension 'ros'
[0.774s] colcon.colcon_core.package_identification DEBUG Package '/home/smahapat/ros2_ws/src/rn1' with type 'ros.ament_python' and name 'rn1'
[0.775s] colcon.colcon_core.package_identification Level 1 _identify(/home/smahapat/ros2_ws/src/rn2) by extensions ['ignore', 'ignore_ament_install']
[0.775s] colcon.colcon_core.package_identification Level 1 _identify(/home/smahapat/ros2_ws/src/rn2) by extension 'ignore'
[0.775s] colcon.colcon_core.package_identification Level 1 _identify(/home/smahapat/ros2_ws/src/rn2) by extension 'ignore_ament_install'
[0.776s] colcon.colcon_core.package_identification Level 1 _identify(/home/smahapat/ros2_ws/src/rn2) by extensions ['colcon_pkg']
[0.776s] colcon.colcon_core.package_identification Level 1 _identify(/home/smahapat/ros2_ws/src/rn2) by extension 'colcon_pkg'
[0.776s] colcon.colcon_core.package_identification Level 1 _identify(/home/smahapat/ros2_ws/src/rn2) by extensions ['colcon_meta']
[0.776s] colcon.colcon_core.package_identification Level 1 _identify(/home/smahapat/ros2_ws/src/rn2) by extension 'colcon_meta'
[0.776s] colcon.colcon_core.package_identification Level 1 _identify(/home/smahapat/ros2_ws/src/rn2) by extensions ['ros']
[0.776s] colcon.colcon_core.package_identification Level 1 _identify(/home/smahapat/ros2_ws/src/rn2) by extension 'ros'
[0.778s] colcon.colcon_core.package_identification DEBUG Package '/home/smahapat/ros2_ws/src/rn2' with type 'ros.ament_python' and name 'rn2'
[0.778s] colcon.colcon_core.package_discovery Level 1 discover_packages(recursive) using defaults
