running egg_info
writing ../../build/rn1/rn1.egg-info/PKG-INFO
writing dependency_links to ../../build/rn1/rn1.egg-info/dependency_links.txt
writing entry points to ../../build/rn1/rn1.egg-info/entry_points.txt
writing requirements to ../../build/rn1/rn1.egg-info/requires.txt
writing top-level names to ../../build/rn1/rn1.egg-info/top_level.txt
reading manifest file '../../build/rn1/rn1.egg-info/SOURCES.txt'
writing manifest file '../../build/rn1/rn1.egg-info/SOURCES.txt'
running build
running build_py
copying rn1/rn1.py -> /home/smahapat/ros2_ws/build/rn1/build/lib/rn1
copying rn1/__init__.py -> /home/smahapat/ros2_ws/build/rn1/build/lib/rn1
running install
running install_lib
copying /home/smahapat/ros2_ws/build/rn1/build/lib/rn1/rn1.py -> /home/smahapat/ros2_ws/install/rn1/lib/python3.10/site-packages/rn1
byte-compiling /home/smahapat/ros2_ws/install/rn1/lib/python3.10/site-packages/rn1/rn1.py to rn1.cpython-310.pyc
running install_data
copying resource/rn1 -> /home/smahapat/ros2_ws/install/rn1/share/ament_index/resource_index/packages
copying package.xml -> /home/smahapat/ros2_ws/install/rn1/share/rn1
running install_egg_info
removing '/home/smahapat/ros2_ws/install/rn1/lib/python3.10/site-packages/rn1-0.0.0-py3.10.egg-info' (and everything under it)
Copying ../../build/rn1/rn1.egg-info to /home/smahapat/ros2_ws/install/rn1/lib/python3.10/site-packages/rn1-0.0.0-py3.10.egg-info
running install_scripts
Installing rn1 script to /home/smahapat/ros2_ws/install/rn1/lib/rn1
writing list of installed files to '/home/smahapat/ros2_ws/build/rn1/install.log'
