running egg_info
writing ../../build/rn2/rn2.egg-info/PKG-INFO
writing dependency_links to ../../build/rn2/rn2.egg-info/dependency_links.txt
writing entry points to ../../build/rn2/rn2.egg-info/entry_points.txt
writing requirements to ../../build/rn2/rn2.egg-info/requires.txt
writing top-level names to ../../build/rn2/rn2.egg-info/top_level.txt
reading manifest file '../../build/rn2/rn2.egg-info/SOURCES.txt'
writing manifest file '../../build/rn2/rn2.egg-info/SOURCES.txt'
running build
running build_py
copying rn2/__init__.py -> /home/smahapat/ros2_ws/build/rn2/build/lib/rn2
copying rn2/rn2.py -> /home/smahapat/ros2_ws/build/rn2/build/lib/rn2
running install
running install_lib
copying /home/smahapat/ros2_ws/build/rn2/build/lib/rn2/rn2.py -> /home/smahapat/ros2_ws/install/rn2/lib/python3.10/site-packages/rn2
byte-compiling /home/smahapat/ros2_ws/install/rn2/lib/python3.10/site-packages/rn2/rn2.py to rn2.cpython-310.pyc
running install_data
copying resource/rn2 -> /home/smahapat/ros2_ws/install/rn2/share/ament_index/resource_index/packages
copying package.xml -> /home/smahapat/ros2_ws/install/rn2/share/rn2
running install_egg_info
removing '/home/smahapat/ros2_ws/install/rn2/lib/python3.10/site-packages/rn2-0.0.0-py3.10.egg-info' (and everything under it)
Copying ../../build/rn2/rn2.egg-info to /home/smahapat/ros2_ws/install/rn2/lib/python3.10/site-packages/rn2-0.0.0-py3.10.egg-info
running install_scripts
Installing rn2 script to /home/smahapat/ros2_ws/install/rn2/lib/rn2
writing list of installed files to '/home/smahapat/ros2_ws/build/rn2/install.log'
