[1.588s] Invoking command in '/home/smahapat/ros2_ws/src/rn2': PYTHONPATH=/home/smahapat/ros2_ws/build/rn2/prefix_override:/usr/lib/python3/dist-packages/colcon_core/task/python/colcon_distutils_commands:/home/smahapat/ros2_ws/install/rn2/lib/python3.10/site-packages:${PYTHONPATH} /usr/bin/python3 -W ignore:setup.py install is deprecated setup.py egg_info --egg-base ../../build/rn2 build --build-base /home/smahapat/ros2_ws/build/rn2/build install --record /home/smahapat/ros2_ws/build/rn2/install.log --single-version-externally-managed install_data
[1.903s] running egg_info
[1.940s] writing ../../build/rn2/rn2.egg-info/PKG-INFO
[1.944s] writing dependency_links to ../../build/rn2/rn2.egg-info/dependency_links.txt
[1.945s] writing entry points to ../../build/rn2/rn2.egg-info/entry_points.txt
[1.945s] writing requirements to ../../build/rn2/rn2.egg-info/requires.txt
[1.946s] writing top-level names to ../../build/rn2/rn2.egg-info/top_level.txt
[2.026s] reading manifest file '../../build/rn2/rn2.egg-info/SOURCES.txt'
[2.028s] writing manifest file '../../build/rn2/rn2.egg-info/SOURCES.txt'
[2.029s] running build
[2.029s] running build_py
[2.029s] copying rn2/__init__.py -> /home/smahapat/ros2_ws/build/rn2/build/lib/rn2
[2.030s] copying rn2/rn2.py -> /home/smahapat/ros2_ws/build/rn2/build/lib/rn2
[2.031s] running install
[2.038s] running install_lib
[2.065s] copying /home/smahapat/ros2_ws/build/rn2/build/lib/rn2/rn2.py -> /home/smahapat/ros2_ws/install/rn2/lib/python3.10/site-packages/rn2
[2.067s] byte-compiling /home/smahapat/ros2_ws/install/rn2/lib/python3.10/site-packages/rn2/rn2.py to rn2.cpython-310.pyc
[2.068s] running install_data
[2.068s] copying resource/rn2 -> /home/smahapat/ros2_ws/install/rn2/share/ament_index/resource_index/packages
[2.070s] copying package.xml -> /home/smahapat/ros2_ws/install/rn2/share/rn2
[2.071s] running install_egg_info
[2.107s] removing '/home/smahapat/ros2_ws/install/rn2/lib/python3.10/site-packages/rn2-0.0.0-py3.10.egg-info' (and everything under it)
[2.111s] Copying ../../build/rn2/rn2.egg-info to /home/smahapat/ros2_ws/install/rn2/lib/python3.10/site-packages/rn2-0.0.0-py3.10.egg-info
[2.115s] running install_scripts
[2.306s] Installing rn2 script to /home/smahapat/ros2_ws/install/rn2/lib/rn2
[2.309s] writing list of installed files to '/home/smahapat/ros2_ws/build/rn2/install.log'
[2.348s] Invoked command in '/home/smahapat/ros2_ws/src/rn2' returned '0': PYTHONPATH=/home/smahapat/ros2_ws/build/rn2/prefix_override:/usr/lib/python3/dist-packages/colcon_core/task/python/colcon_distutils_commands:/home/smahapat/ros2_ws/install/rn2/lib/python3.10/site-packages:${PYTHONPATH} /usr/bin/python3 -W ignore:setup.py install is deprecated setup.py egg_info --egg-base ../../build/rn2 build --build-base /home/smahapat/ros2_ws/build/rn2/build install --record /home/smahapat/ros2_ws/build/rn2/install.log --single-version-externally-managed install_data
